[debug] [2022-05-20T05:17:05.397Z] ----------------------------------------------------------------------
[debug] [2022-05-20T05:17:05.399Z] Command:       C:\Program Files\nodejs\node.exe C:\Users\wsc03\AppData\Roaming\npm\node_modules\firebase-tools\lib\bin\firebase.js init
[debug] [2022-05-20T05:17:05.399Z] CLI Version:   11.0.0
[debug] [2022-05-20T05:17:05.400Z] Platform:      win32
[debug] [2022-05-20T05:17:05.400Z] Node Version:  v16.15.0
[debug] [2022-05-20T05:17:05.402Z] Time:          Fri May 20 2022 14:17:05 GMT+0900 (대한민국 표준시)
[debug] [2022-05-20T05:17:05.402Z] ----------------------------------------------------------------------
[debug] 
[debug] [2022-05-20T05:17:05.412Z] >>> [apiv2][query] GET https://firebase-public.firebaseio.com/cli.json [none]
[debug] [2022-05-20T05:17:05.441Z] > command requires scopes: ["email","openid","https://www.googleapis.com/auth/cloudplatformprojects.readonly","https://www.googleapis.com/auth/firebase","https://www.googleapis.com/auth/cloud-platform"]
[debug] [2022-05-20T05:17:05.442Z] > authorizing via signed-in user (wsc7202@gmail.com)
[info] 
     ######## #### ########  ######## ########     ###     ######  ########
     ##        ##  ##     ## ##       ##     ##  ##   ##  ##       ##
     ######    ##  ########  ######   ########  #########  ######  ######
     ##        ##  ##    ##  ##       ##     ## ##     ##       ## ##
     ##       #### ##     ## ######## ########  ##     ##  ######  ########

You're about to initialize a Firebase project in this directory:

  C:\WorkSpace\Dev\next\freeboard

Before we get started, keep in mind:

  * You are currently outside your home directory

[debug] [2022-05-20T05:17:06.089Z] <<< [apiv2][status] GET https://firebase-public.firebaseio.com/cli.json 200
[debug] [2022-05-20T05:17:06.089Z] <<< [apiv2][body] GET https://firebase-public.firebaseio.com/cli.json {"cloudBuildErrorAfter":1594252800000,"cloudBuildWarnAfter":1590019200000,"defaultNode10After":1594252800000,"minVersion":"3.0.5","node8DeploysDisabledAfter":1613390400000,"node8RuntimeDisabledAfter":1615809600000,"node8WarnAfter":1600128000000}
[debug] [2022-05-20T05:18:15.921Z] Error: kill ENOSYS
    at process.kill (node:internal/process/per_thread:220:13)
    at process.listener (C:\Users\wsc03\AppData\Roaming\npm\node_modules\firebase-tools\node_modules\signal-exit\index.js:95:15)
    at process.emit (node:events:527:28)
[error] 
[error] Error: An unexpected error has occurred.
